[INFO][19-12-09][com.hai.dao.UserMapperTest]info:enter log4j
[DEBUG][19-12-09][com.hai.dao.UserMapperTest]debug: enter debug
[ERROR][19-12-09][com.hai.dao.UserMapperTest]error: enter error
[DEBUG][19-12-10][org.apache.ibatis.logging.LogFactory]Logging initialized using 'class org.apache.ibatis.logging.log4j.Log4jImpl' adapter.
[DEBUG][19-12-10][org.apache.ibatis.datasource.pooled.PooledDataSource]PooledDataSource forcefully closed/removed all connections.
[DEBUG][19-12-10][org.apache.ibatis.datasource.pooled.PooledDataSource]PooledDataSource forcefully closed/removed all connections.
[DEBUG][19-12-10][org.apache.ibatis.datasource.pooled.PooledDataSource]PooledDataSource forcefully closed/removed all connections.
[DEBUG][19-12-10][org.apache.ibatis.datasource.pooled.PooledDataSource]PooledDataSource forcefully closed/removed all connections.
[DEBUG][19-12-10][org.apache.ibatis.transaction.jdbc.JdbcTransaction]Opening JDBC Connection
[DEBUG][19-12-10][org.apache.ibatis.datasource.pooled.PooledDataSource]Created connection 1237598030.
[DEBUG][19-12-10][org.apache.ibatis.transaction.jdbc.JdbcTransaction]Setting autocommit to false on JDBC Connection [com.mysql.jdbc.JDBC4Connection@49c43f4e]
[DEBUG][19-12-10][com.UserMapper.selectUser]==>  Preparing: select * from mybatis.user limit ?,?
[DEBUG][19-12-10][com.UserMapper.selectUser]==> Parameters: 0(Integer), 2(Integer)
[DEBUG][19-12-10][com.UserMapper.selectUser]<==      Total: 2
[DEBUG][19-12-10][org.apache.ibatis.transaction.jdbc.JdbcTransaction]Resetting autocommit to true on JDBC Connection [com.mysql.jdbc.JDBC4Connection@49c43f4e]
[DEBUG][19-12-10][org.apache.ibatis.transaction.jdbc.JdbcTransaction]Closing JDBC Connection [com.mysql.jdbc.JDBC4Connection@49c43f4e]
[DEBUG][19-12-10][org.apache.ibatis.datasource.pooled.PooledDataSource]Returned connection 1237598030 to pool.
[DEBUG][19-12-10][org.apache.ibatis.logging.LogFactory]Logging initialized using 'class org.apache.ibatis.logging.log4j.Log4jImpl' adapter.
[DEBUG][19-12-10][org.apache.ibatis.datasource.pooled.PooledDataSource]PooledDataSource forcefully closed/removed all connections.
[DEBUG][19-12-10][org.apache.ibatis.datasource.pooled.PooledDataSource]PooledDataSource forcefully closed/removed all connections.
[DEBUG][19-12-10][org.apache.ibatis.datasource.pooled.PooledDataSource]PooledDataSource forcefully closed/removed all connections.
[DEBUG][19-12-10][org.apache.ibatis.datasource.pooled.PooledDataSource]PooledDataSource forcefully closed/removed all connections.
[DEBUG][19-12-10][org.apache.ibatis.logging.LogFactory]Logging initialized using 'class org.apache.ibatis.logging.log4j.Log4jImpl' adapter.
[DEBUG][19-12-10][org.apache.ibatis.datasource.pooled.PooledDataSource]PooledDataSource forcefully closed/removed all connections.
[DEBUG][19-12-10][org.apache.ibatis.datasource.pooled.PooledDataSource]PooledDataSource forcefully closed/removed all connections.
[DEBUG][19-12-10][org.apache.ibatis.datasource.pooled.PooledDataSource]PooledDataSource forcefully closed/removed all connections.
[DEBUG][19-12-10][org.apache.ibatis.datasource.pooled.PooledDataSource]PooledDataSource forcefully closed/removed all connections.
